v0.7.2: parallel cdb, xunit v3, CI restructure

- Parallel cdb: pre-warm + size-weighted semaphore, ~3x faster on real batches.
- xunit v2 -> v3 (xunit.v3 3.2.2); 57 sites adopted TestContext.Current.CancellationToken.
- CI restructure: test/build/release split, build tag-only, HISTORY tag-match verify, awk release-notes extraction.
- GH Actions SHA pins bumped; cleared Node 20 deprecation.
- About box dep tagline now derived from @(PackageReference); Microsoft.*/System.* filtered.
- UI log: [mm:ss] stamps, "Analysis complete in Xm Ys", periodic cdb progress, blank-line normalization.
- EventLogParser.ParseNvlddmkmEventXml + fixture machinery for classifier drift.
- setupapi.dev.log fixture corpus + extractor with unit tests.
- Docs sweep: ARCHITECTURE/README/CONTRIBUTING refreshed.

----

v0.7.1: LiveKernel dumps, Markdown reports, since-date, MinVer

- LiveKernel watchdog dumps: scans C:\Windows\LiveKernelReports for
  non-BSOD kernel dumps (0x117 / 0x141 / 0x1B0 / 0x1B8). Elevated copy
  reads system minidumps and LiveKernel dumps in one UAC round-trip.
  BugcheckCatalog gains 0x113, 0x141, 0x1B0, 0x1B8 with live-dump flag.
  Max LiveKernel input clamped to [1, 1000]; effective cap surfaces in
  SCOPE.
- Reports are Markdown: report.md + paired report_dumps.md with full
  cdb stack traces. TOC, ## headers, tables, fenced code. Frequency
  chart buckets by ISO 8601 weeks (Monday start) and labels rows with
  ISO year-week.
- Since-date input: bidirectionally bound to Max Days, persisted in
  AppSettings. All MaxDays cutoffs anchored at midnight.
- Orphan cdb cache surfacing: cached transcripts for rotated-out
  LiveKernel dumps now picked up. Both scan cap and orphan cap surface
  in SCOPE via CollectionTruncation flags.
- Helper hardening: reparse-point defense extends to per-run and
  per-dump subdirectories. LiveKernel copy runs independently of
  minidump dir existence.
- Fixture corpus: redacted real-world cdb transcripts (0x113, 0x116,
  0x133, 0x141, 0x1B8) with expected ExtractCdbSummary output.
- CdbLocator prefers cdbx64.exe in the WindowsApps fallback scan.
- MinVer: version derived from the most recent v* tag. Release builds
  read clean; per-commit artifacts read [SNAPSHOT] with commit-height
  suffix.

----

v0.7.0: elevation split, DO_NOT_SHARE layout, cdb deep analysis, redaction, scope reporting

- Elevation split: unelevated parent, UAC helper only for minidump copy (ElevatedDumpCopy) with staging-path validation, reparse-point re-check, and registry-sourced source path constrained under %SystemRoot%.
- Storage layout: FlareStorage centralizes paths; raw minidumps + cdb transcripts under DO_NOT_SHARE/, user-visible Reports/ holds only the report. One-shot migration from 0.6.x.
- cdb integration: CdbLocator restricted to Microsoft-managed debugger roots (no PATH fallback). CdbRunner drives !analyze -v. CdbAnalysisCache keys per-dump on size+mtime+version.
- Redaction: ReportRedaction scrubs UUID, computer name, %USERPROFILE% / %APPDATA% / OneDrive paths; applied across every user-visible UI surface (log, status bar, tooltips, popups); on by default.
- Scope + collector health: SCOPE block discloses requested window, retention floors, per-collector cap hits, and notices (canary/skipped/failure). Multi-GPU SM-localization suppressed when >1 NVIDIA adapter. ReportAnalysis pairs permissive heuristics with calibrated prose.
- New collectors: SystemInfo (board/BIOS/CPU/RAM), GpuInfo PCIe gen/width + BAR1/ReBAR + multi-GPU, BugcheckCatalog (MDMP/PAGEDUMP/PAGEDU64), Kernel-Power 41 extraction, setupapi.dev.log NVIDIA driver-install parser, NvidiaDriverVersion marketing-form conversion.
- Format-drift canaries: setupapi, cdb, nvlddmkm — surface in the SCOPE block.
- Robustness: regex timeouts, fatal.log rotation, corrupt settings.json quarantined, debounced+atomic settings writes, cancellation threaded through every collector.
- Build-kind label: FlareIsRelease MSBuild flag drives title-bar prefix ([DEV BUILD] / [SNAPSHOT] / clean) and About dialog tag.
- UI: report folder fixed to %LOCALAPPDATA%\FLARE\Reports (input row dropped). UseLayoutRounding + SnapsToDevicePixels default everywhere for crisp 1-DIP hairlines at any DPI.
- Structure: ReportInput record + ReadEvents<T> helper + FlareDependencies test seam.
- CI: SHA-pinned actions, SHA256SUMS.txt, packaged-binary smoke tests. Release body now read from HISTORY.log.
- Docs sweep: ARCHITECTURE/CONTRIBUTING/README updated for DO_NOT_SHARE, redaction, build labels, unsigned-binary stance.
